
2022-08-13 19:33:27,335 - critical - CRITICAL - Это критикал
2022-08-13 19:34:36,538 - critical - CRITICAL - Это критикал
2022-08-13 19:35:28,005 - critical - CRITICAL - Это критикал
2022-08-13 19:35:28,011 - warning - WARNING - Это варнинг
2022-08-13 19:35:28,016 - error - ERROR - Это эррор
2022-08-13 19:41:34,693 - critical - CRITICAL - Это критикал
2022-08-13 19:41:34,695 - warning - WARNING - Это варнинг
2022-08-13 19:41:34,697 - error - ERROR - Это эррор
2022-08-13 19:41:34,699 - critical - CRITICAL - crit
2022-08-13 19:42:02,667 - critical - CRITICAL - crit
2022-08-13 21:28:43,989 - critical - CRITICAL - DB connection failed!
2022-08-13 21:31:07,301 - critical - CRITICAL - DB connection failed!
2022-08-13 21:31:47,746 - critical - CRITICAL - DB connection failed!
2022-08-13 21:33:18,761 - critical - CRITICAL - DB connection failed!
2022-08-13 21:55:09,920 - critical - CRITICAL - DB creation failed!
2022-08-13 21:55:29,608 - critical - CRITICAL - DB creation failed!
2022-08-13 21:59:22,629 - critical - CRITICAL - DB creation failed!
2022-08-13 22:01:16,352 - critical - CRITICAL - DB creation failed!
2022-08-13 22:05:30,744 - critical - CRITICAL - DB creation failed!
2022-08-13 22:06:11,436 - critical - CRITICAL - DB creation failed!
2022-08-15 11:35:10,235 - critical - CRITICAL - connection to server at "localhost" (::1), port 5432 failed: ВАЖНО:  база данных "kerka_test_d" не существует

2022-08-15 11:54:30,252 - critical - CRITICAL - 'psycopg2.extensions.connection' object has no attribute 'excecute'
2022-08-15 11:54:48,559 - critical - CRITICAL - 'psycopg2.extensions.connection' object has no attribute 'execute'
2022-08-15 11:55:19,704 - critical - CRITICAL - ОШИБКА:  ошибка синтаксиса (примерное положение: ")")
LINE 6:                 )
                        ^

2022-08-15 11:57:55,882 - critical - CRITICAL - argument 1 must be a string or unicode object: got tuple instead
2022-08-15 11:58:53,438 - critical - CRITICAL - ОШИБКА:  отношение "users" уже существует

2022-08-15 12:18:47,191 - critical - CRITICAL - 'UserCreation' object has no attribute 'cursor'
2022-08-15 12:19:14,889 - critical - CRITICAL - name 'cursor' is not defined
2022-08-15 12:19:47,283 - critical - CRITICAL - name 'conn' is not defined
2022-08-15 12:19:47,286 - critical - CRITICAL - 'UserCreation' object has no attribute 'cursor'
2022-08-15 12:19:47,287 - critical - CRITICAL - 'UserCreation' object has no attribute 'cursor'
2022-08-15 12:21:14,520 - critical - CRITICAL - 'psycopg2.extensions.connection' object is not callable
2022-08-15 12:21:14,522 - critical - CRITICAL - name 'cursor' is not defined
2022-08-15 12:21:14,553 - critical - CRITICAL - not all arguments converted during string formatting
2022-08-15 12:31:49,186 - critical - CRITICAL - not all arguments converted during string formatting
2022-08-15 12:32:07,482 - critical - CRITICAL - unsupported format character 'i' (0x69) at index 85
2022-08-15 12:34:10,759 - critical - CRITICAL - ОШИБКА:  ошибка синтаксиса (примерное положение: "VALUE")
LINE 2: ...O users (USER_ID, USERNAME, IS_ADMIN, IS_BLOCKED) VALUE (123...
                                                             ^

2022-08-15 12:34:27,809 - critical - CRITICAL - ОШИБКА:  значение NULL в столбце "id" отношения "users" нарушает ограничение NOT NULL
DETAIL:  Ошибочная строка содержит (null, 1233456, test, t, f).

2022-08-15 12:36:41,500 - critical - CRITICAL - ОШИБКА:  INSERT содержит больше целевых столбцов, чем выражений
LINE 2: ...SERT INTO users (ID, USER_ID, USERNAME, IS_ADMIN, IS_BLOCKED...
                                                             ^

2022-08-15 12:37:28,538 - critical - CRITICAL - tuple index out of range
2022-08-15 12:49:50,990 - critical - CRITICAL - name 'command' is not defined
2022-08-15 12:49:50,996 - critical - CRITICAL - ОШИБКА:  INSERT содержит больше целевых столбцов, чем выражений
LINE 2: ...SERT INTO users (ID, USER_ID, USERNAME, IS_ADMIN, IS_BLOCKED...
                                                             ^

2022-08-15 12:50:03,739 - critical - CRITICAL - ОШИБКА:  ошибка синтаксиса (примерное положение: "AUTOINCREMENT")
LINE 3:                     id INTEGER PRIMARY KEY AUTOINCREMENT,
                                                   ^

2022-08-15 12:50:03,759 - critical - CRITICAL - ОШИБКА:  текущая транзакция прервана, команды до конца блока транзакции игнорируются

2022-08-15 12:54:05,457 - critical - CRITICAL - ОШИБКА:  ошибка синтаксиса (примерное положение: "AUTOINCREMENT")
LINE 3:                     id INTEGER PRIMARY KEY AUTOINCREMENT,
                                                   ^

2022-08-15 12:54:54,326 - critical - CRITICAL - ОШИБКА:  ошибка синтаксиса (примерное положение: "user_id")
LINE 4:                     user_id BIGINT NOT NULL,
                            ^

2022-08-15 12:54:54,329 - critical - CRITICAL - not all arguments converted during string formatting
2022-08-15 12:55:30,462 - critical - CRITICAL - ОШИБКА:  ошибка синтаксиса (примерное положение: ":")
LINE 4:                 increment 1:
                                   ^

2022-08-15 12:55:30,464 - critical - CRITICAL - not all arguments converted during string formatting
2022-08-15 12:55:41,019 - critical - CRITICAL - not all arguments converted during string formatting
2022-08-15 12:56:20,475 - critical - CRITICAL - ОШИБКА:  отношение "user_sequence" уже существует

2022-08-15 12:56:20,478 - critical - CRITICAL - not all arguments converted during string formatting
2022-08-15 12:58:28,005 - critical - CRITICAL - ОШИБКА:  отношение "user_sequence" уже существует

2022-08-15 12:58:28,009 - critical - CRITICAL - tuple index out of range
2022-08-15 12:59:23,960 - critical - CRITICAL - tuple index out of range
2022-08-15 13:07:08,988 - critical - CRITICAL - tuple index out of range
2022-08-15 13:12:12,845 - critical - CRITICAL - tuple index out of range
2022-08-15 13:13:02,467 - critical - CRITICAL - can't adapt type 'builtin_function_or_method'
2022-08-15 13:13:27,852 - critical - CRITICAL - can't adapt type 'builtin_function_or_method'
2022-08-15 13:14:58,223 - critical - CRITICAL - can't adapt type 'builtin_function_or_method'
2022-08-15 13:15:25,639 - critical - CRITICAL - name 'nextval' is not defined
2022-08-15 13:16:50,960 - critical - CRITICAL - can't adapt type 'builtin_function_or_method'
2022-08-15 13:18:02,632 - critical - CRITICAL - can't adapt type 'builtin_function_or_method'
2022-08-15 13:19:07,736 - critical - CRITICAL - ОШИБКА:  столбец "user_id" не существует
LINE 3: ...                                 VALUES (DEFAULT, user_id, u...
                                                             ^
HINT:  Столбец "user_id" есть в таблице "users", но на него нельзя ссылаться из этой части запроса.

2022-08-15 13:19:50,638 - critical - CRITICAL - ОШИБКА:  неверный синтаксис для типа bigint: "user_id"
LINE 3: ...                                 VALUES (DEFAULT, 'user_id',...
                                                             ^

2022-08-15 13:23:04,414 - critical - CRITICAL - ОШИБКА:  ошибка синтаксиса (примерное положение: ",")
LINE 3: ...                                VALUES (DEFAULT, ?, ?, ?, ?)
                                                             ^

2022-08-15 13:23:47,707 - critical - CRITICAL - ОШИБКА:  ошибка синтаксиса (примерное положение: ")")
LINE 3:                                     VALUES (DEFAULT ? ? ? ?)
                                                                   ^

2022-08-15 13:28:13,781 - critical - CRITICAL - ОШИБКА:  значение NULL в столбце "id" отношения "users" нарушает ограничение NOT NULL
DETAIL:  Ошибочная строка содержит (null, 1233456, test, t, f).

2022-08-15 13:28:44,228 - critical - CRITICAL - ОШИБКА:  значение NULL в столбце "id" отношения "users" нарушает ограничение NOT NULL
DETAIL:  Ошибочная строка содержит (null, 1233456, test, t, f).

2022-08-15 13:30:31,438 - critical - CRITICAL - ОШИБКА:  столбец "user_sequence" не существует
LINE 3: ...                                  VALUES (nextval(user_seque...
                                                             ^

2022-08-15 13:31:29,325 - critical - CRITICAL - ОШИБКА:  столбец "user_sequence" не существует
LINE 3: ...                                  VALUES (nextval(user_seque...
                                                             ^

2022-08-15 13:32:17,525 - critical - CRITICAL - ОШИБКА:  отношение "user_sequence" уже существует

2022-08-15 13:32:17,529 - critical - CRITICAL - ОШИБКА:  текущая транзакция прервана, команды до конца блока транзакции игнорируются

2022-08-15 13:32:26,971 - critical - CRITICAL - ОШИБКА:  столбец "user_sequence" не существует
LINE 3: ...                                  VALUES (nextval(user_seque...
                                                             ^

2022-08-15 15:53:39,394 - warning - WARNING - 'int' object does not support indexing
2022-08-15 17:40:14,859 - critical - CRITICAL - ОШИБКА:  ошибка синтаксиса (примерное положение: "CREATE")
LINE 4:                 CREATE TABLE IF NOT EXISTS users (
                        ^

2022-08-15 17:40:39,181 - critical - CRITICAL - ОШИБКА:  INSERT содержит больше выражений, чем целевых столбцов
LINE 3: ...ES (nextval('user_sequence'), 666, 'test6', 0, false, false)
                                                                 ^

2022-08-15 18:56:19,530 - warning - WARNING - Заблокированный пользователь 312472285 пытался подключиться к боту!
2022-08-15 19:25:56,000 - warning - WARNING - Пользователь 312472285 пытался зайти в админ-панель!
2022-08-15 19:27:10,903 - warning - WARNING - Осуществлен вход в админ-панель пользователем 312472285
2022-08-16 11:40:32,549 - warning - WARNING - User 555 does not exists!
2022-08-16 11:45:12,605 - error - ERROR - User 555 dos not exists!
2022-08-16 11:47:15,053 - warning - WARNING - User555 does not exists!
2022-08-16 11:49:42,410 - error - ERROR - User555 des not exists!
2022-08-16 11:50:07,538 - error - ERROR - User555 des not exists!
2022-08-16 12:04:01,296 - error - ERROR - User555 does not exists!
2022-08-16 12:21:53,980 - critical - CRITICAL - cursor already closed
2022-08-16 12:21:53,982 - critical - CRITICAL - cursor already closed
2022-08-16 12:21:53,986 - critical - CRITICAL - cursor already closed
2022-08-16 12:21:53,987 - error - ERROR - User 666 does not exists!
2022-08-16 12:21:53,987 - critical - CRITICAL - cursor already closed
2022-08-16 12:21:53,998 - critical - CRITICAL - cursor already closed
2022-08-16 12:23:45,879 - critical - CRITICAL - cursor already closed
2022-08-16 12:23:45,881 - critical - CRITICAL - cursor already closed
2022-08-16 12:23:45,883 - critical - CRITICAL - cursor already closed
2022-08-16 12:23:45,884 - critical - CRITICAL - cursor already closed
2022-08-16 12:23:45,885 - critical - CRITICAL - cursor already closed
2022-08-16 12:24:05,368 - critical - CRITICAL - cursor already closed
2022-08-16 12:24:05,372 - critical - CRITICAL - cursor already closed
2022-08-16 12:24:05,374 - critical - CRITICAL - cursor already closed
2022-08-16 12:24:05,374 - critical - CRITICAL - cursor already closed
2022-08-16 12:24:05,375 - critical - CRITICAL - cursor already closed
2022-08-16 12:24:05,375 - error - ERROR - User 666 does not exists!
2022-08-16 12:24:05,376 - critical - CRITICAL - cursor already closed
2022-08-16 12:24:05,376 - critical - CRITICAL - cursor already closed
2022-08-16 12:24:05,377 - critical - CRITICAL - cursor already closed
2022-08-16 12:24:05,392 - critical - CRITICAL - cursor already closed
2022-08-16 12:24:05,392 - critical - CRITICAL - cursor already closed
2022-08-16 12:24:05,392 - critical - CRITICAL - cursor already closed
2022-08-16 12:25:02,803 - critical - CRITICAL - cursor already closed
2022-08-16 12:25:02,803 - critical - CRITICAL - cursor already closed
2022-08-16 12:25:02,804 - critical - CRITICAL - cursor already closed
2022-08-16 12:25:02,816 - critical - CRITICAL - cursor already closed
2022-08-16 12:25:02,816 - critical - CRITICAL - cursor already closed
2022-08-16 12:25:02,817 - critical - CRITICAL - cursor already closed
2022-08-16 12:28:33,899 - critical - CRITICAL - cursor already closed
2022-08-16 12:28:33,899 - critical - CRITICAL - cursor already closed
2022-08-16 12:28:33,900 - critical - CRITICAL - cursor already closed
2022-08-16 12:28:33,913 - critical - CRITICAL - cursor already closed
2022-08-16 12:28:33,913 - critical - CRITICAL - cursor already closed
2022-08-16 12:28:33,913 - critical - CRITICAL - cursor already closed
2022-08-16 12:35:22,467 - critical - CRITICAL - cursor already closed
2022-08-16 12:35:22,467 - critical - CRITICAL - cursor already closed
2022-08-16 12:35:22,467 - critical - CRITICAL - cursor already closed
2022-08-16 12:35:22,483 - critical - CRITICAL - cursor already closed
2022-08-16 12:35:22,484 - critical - CRITICAL - cursor already closed
2022-08-16 12:35:22,484 - critical - CRITICAL - cursor already closed
2022-08-16 12:36:44,339 - critical - CRITICAL - cursor already closed
2022-08-16 12:36:44,344 - critical - CRITICAL - cursor already closed
2022-08-16 12:36:44,345 - critical - CRITICAL - cursor already closed
2022-08-16 12:36:44,397 - critical - CRITICAL - cursor already closed
2022-08-16 12:36:44,401 - critical - CRITICAL - cursor already closed
2022-08-16 12:36:44,403 - critical - CRITICAL - cursor already closed
2022-08-16 12:38:24,633 - error - ERROR - User222 is already admin!
2022-08-16 12:38:24,720 - critical - CRITICAL - cursor already closed
2022-08-16 12:38:24,720 - critical - CRITICAL - cursor already closed
2022-08-16 12:38:24,720 - critical - CRITICAL - cursor already closed
2022-08-16 12:38:24,729 - critical - CRITICAL - cursor already closed
2022-08-16 12:38:24,730 - critical - CRITICAL - cursor already closed
2022-08-16 12:38:24,730 - critical - CRITICAL - cursor already closed
2022-08-16 12:38:41,689 - error - ERROR - User222 is already admin!
2022-08-16 12:39:00,139 - critical - CRITICAL - cursor already closed
2022-08-16 12:39:00,149 - critical - CRITICAL - cursor already closed
2022-08-16 12:39:38,247 - warning - WARNING - User 111 does not exists!
2022-08-16 12:42:00,507 - error - ERROR - User333 is already admin!
2022-08-16 12:42:00,516 - warning - WARNING - User 111 does not exists!
2022-08-16 12:42:00,522 - error - ERROR - User333 is already admin!
2022-08-16 12:42:00,529 - error - ERROR - User333 is already admin!
2022-08-16 12:45:56,954 - error - ERROR - User 555 does not exists!
2022-08-16 12:47:54,058 - error - ERROR - User333 is already admin!
2022-08-16 12:47:54,067 - warning - WARNING - User 111 does not exists!
2022-08-16 12:47:54,075 - error - ERROR - User333 is already admin!
2022-08-16 12:53:59,168 - error - ERROR - User 123 does not exists!
2022-08-16 12:53:59,174 - error - ERROR - User333 is already admin!
2022-08-16 12:53:59,183 - warning - WARNING - User 111 does not exists!
2022-08-16 12:54:12,127 - error - ERROR - User 123 does not exists!
2022-08-16 12:54:12,161 - warning - WARNING - User 111 does not exists!
2022-08-16 12:59:20,905 - error - ERROR - User555 was alresdy blocked!
2022-08-16 13:02:24,452 - error - ERROR - User 123 does not exists!
2022-08-16 13:02:24,458 - error - ERROR - User666 is already admin!
2022-08-16 13:02:24,467 - warning - WARNING - User111 does not exists!
2022-08-16 13:02:24,480 - warning - WARNING - User 111 does not exists!
2022-08-16 13:02:24,484 - error - ERROR - User111 does not exists!
2022-08-16 13:03:08,398 - error - ERROR - User 123 does not exists!
2022-08-16 13:03:08,413 - warning - WARNING - User111 does not exists!
2022-08-16 13:03:08,424 - warning - WARNING - User 111 does not exists!
2022-08-16 13:03:08,430 - error - ERROR - User111 does not exists!
2022-08-16 13:16:05,061 - error - ERROR - User 123 does not exists!
2022-08-16 13:16:05,086 - warning - WARNING - User111 does not exists!
2022-08-16 13:16:05,100 - error - ERROR - User111 does not exists!
2022-08-16 13:16:05,116 - error - ERROR - User666 was not blocked!
2022-08-16 13:16:05,120 - warning - WARNING - User 111 does not exists!
2022-08-16 13:16:05,125 - error - ERROR - User111 does not exists!
2022-08-16 13:18:50,152 - error - ERROR - User777 does not exists!
2022-08-16 13:21:23,580 - error - ERROR - User111 does not exists!
2022-08-16 13:21:23,634 - error - ERROR - User 123 does not exists!
2022-08-16 13:21:23,645 - warning - WARNING - User111 does not exists!
2022-08-16 13:21:23,657 - error - ERROR - User111 does not exists!
2022-08-16 13:21:23,710 - error - ERROR - User666 was not blocked!
2022-08-16 13:21:23,715 - warning - WARNING - User 111 does not exists!
2022-08-16 13:21:23,721 - error - ERROR - User111 does not exists!
2022-08-16 13:24:49,553 - error - ERROR - User111 does not exists!
2022-08-16 13:24:49,626 - error - ERROR - User 123 does not exists!
2022-08-16 13:24:49,693 - warning - WARNING - User111 does not exists!
2022-08-16 13:24:49,760 - error - ERROR - User111 does not exists!
2022-08-16 13:24:49,838 - warning - WARNING - User 111 does not exists!
2022-08-16 13:24:49,860 - error - ERROR - User111 does not exists!
2022-08-16 13:25:44,084 - error - ERROR - User111 does not exists!
2022-08-16 13:26:04,422 - error - ERROR - User111 does not exists!
2022-08-16 13:26:04,467 - error - ERROR - User 123 does not exists!
2022-08-16 13:26:04,480 - warning - WARNING - User111 does not exists!
2022-08-16 13:26:04,496 - error - ERROR - User111 does not exists!
2022-08-16 13:26:04,501 - error - ERROR - User666 was not blocked!
2022-08-16 13:26:04,507 - warning - WARNING - User 111 does not exists!
2022-08-16 13:26:04,511 - error - ERROR - User111 does not exists!
2022-08-16 13:27:30,788 - error - ERROR - User111 does not exists!
2022-08-16 13:27:30,844 - error - ERROR - User 123 does not exists!
2022-08-16 13:27:30,854 - warning - WARNING - User111 does not exists!
2022-08-16 13:27:30,865 - error - ERROR - User111 does not exists!
2022-08-16 13:27:30,870 - error - ERROR - User666 was not blocked!
2022-08-16 13:27:30,874 - warning - WARNING - User 111 does not exists!
2022-08-16 13:27:30,877 - error - ERROR - User111 does not exists!
2022-08-16 13:31:24,405 - error - ERROR - User111 does not exists!
2022-08-16 13:31:24,463 - error - ERROR - User 123 does not exists!
2022-08-16 13:31:24,476 - warning - WARNING - User111 does not exists!
2022-08-16 13:31:24,486 - error - ERROR - User111 does not exists!
2022-08-16 13:31:24,491 - error - ERROR - User666 was not blocked!
2022-08-16 13:31:24,496 - warning - WARNING - User 111 does not exists!
2022-08-16 13:31:24,499 - error - ERROR - User111 does not exists!
2022-08-16 13:32:29,143 - error - ERROR - User111 does not exists!
2022-08-16 13:32:29,149 - error - ERROR - User111 does not exists!
2022-08-16 13:32:29,200 - error - ERROR - User 123 does not exists!
2022-08-16 13:32:29,210 - warning - WARNING - User111 does not exists!
2022-08-16 13:32:29,222 - error - ERROR - User111 does not exists!
2022-08-16 13:32:29,228 - error - ERROR - User666 was not blocked!
2022-08-16 13:32:29,232 - warning - WARNING - User 111 does not exists!
2022-08-16 13:32:29,245 - error - ERROR - User111 does not exists!
2022-08-16 13:34:18,025 - error - ERROR - User111 does not exists!
2022-08-16 13:34:18,083 - error - ERROR - User111 does not exists!
2022-08-16 13:34:18,117 - error - ERROR - User 123 does not exists!
2022-08-16 13:34:18,129 - warning - WARNING - User111 does not exists!
2022-08-16 13:34:18,141 - error - ERROR - User111 does not exists!
2022-08-16 13:34:18,148 - error - ERROR - User666 was not blocked!
2022-08-16 13:34:18,152 - warning - WARNING - User 111 does not exists!
2022-08-16 13:34:18,157 - error - ERROR - User111 does not exists!
2022-08-16 13:36:58,489 - error - ERROR - User111 does not exists!
2022-08-16 13:36:58,534 - error - ERROR - User111 does not exists!
2022-08-16 13:36:58,566 - error - ERROR - User 123 does not exists!
2022-08-16 13:36:58,576 - warning - WARNING - User111 does not exists!
2022-08-16 13:36:58,587 - error - ERROR - User111 does not exists!
2022-08-16 13:36:58,593 - error - ERROR - User666 was not blocked!
2022-08-16 13:36:58,596 - warning - WARNING - User 111 does not exists!
2022-08-16 13:36:58,600 - error - ERROR - User111 does not exists!
2022-08-16 13:38:30,658 - error - ERROR - User111 does not exists!
2022-08-16 13:38:30,716 - error - ERROR - User111 does not exists!
2022-08-16 13:38:30,751 - error - ERROR - User 123 does not exists!
2022-08-16 13:38:30,762 - warning - WARNING - User111 does not exists!
2022-08-16 13:38:30,773 - error - ERROR - User111 does not exists!
2022-08-16 13:38:30,778 - error - ERROR - User666 was not blocked!
2022-08-16 13:38:30,782 - warning - WARNING - User 111 does not exists!
2022-08-16 13:38:30,786 - error - ERROR - User111 does not exists!
2022-08-16 13:39:17,250 - error - ERROR - User111 does not exists!
2022-08-16 13:39:17,296 - error - ERROR - User111 does not exists!
2022-08-16 13:39:17,332 - error - ERROR - User 123 does not exists!
2022-08-16 13:39:17,342 - warning - WARNING - User111 does not exists!
2022-08-16 13:39:17,353 - error - ERROR - User111 does not exists!
2022-08-16 13:39:17,359 - error - ERROR - User666 was not blocked!
2022-08-16 13:39:17,363 - warning - WARNING - User 111 does not exists!
2022-08-16 13:39:17,367 - error - ERROR - User111 does not exists!
2022-08-16 13:40:38,405 - error - ERROR - User111 does not exists!
2022-08-16 13:40:38,453 - error - ERROR - User111 does not exists!
2022-08-16 13:40:38,490 - error - ERROR - User 123 does not exists!
2022-08-16 13:40:38,502 - warning - WARNING - User111 does not exists!
2022-08-16 13:40:38,517 - error - ERROR - User111 does not exists!
2022-08-16 13:40:38,525 - error - ERROR - User666 was not blocked!
2022-08-16 13:40:38,530 - warning - WARNING - User 111 does not exists!
2022-08-16 13:40:38,535 - error - ERROR - User111 does not exists!
2022-08-16 13:45:47,250 - error - ERROR - User111 does not exists!
2022-08-16 13:45:47,303 - error - ERROR - User111 does not exists!
2022-08-16 13:45:47,348 - error - ERROR - User 123 does not exists!
2022-08-16 13:45:47,360 - warning - WARNING - User111 does not exists!
2022-08-16 13:45:47,374 - error - ERROR - User111 does not exists!
2022-08-16 13:45:47,380 - error - ERROR - User666 was not blocked!
2022-08-16 13:45:47,385 - warning - WARNING - User 111 does not exists!
2022-08-16 13:45:47,389 - error - ERROR - User111 does not exists!
2022-08-16 13:47:32,540 - error - ERROR - User111 does not exists!
2022-08-16 13:47:32,586 - error - ERROR - User111 does not exists!
2022-08-16 13:47:32,619 - error - ERROR - User 123 does not exists!
2022-08-16 13:47:32,629 - warning - WARNING - User111 does not exists!
2022-08-16 13:47:32,640 - error - ERROR - User111 does not exists!
2022-08-16 13:47:32,646 - error - ERROR - User666 was not blocked!
2022-08-16 13:47:32,652 - warning - WARNING - User 111 does not exists!
2022-08-16 13:47:32,656 - error - ERROR - User111 does not exists!
2022-08-16 15:16:20,064 - error - ERROR - User312472285 is already admin!
2022-08-16 15:31:47,361 - error - ERROR - User312472285 is already admin!
2022-08-16 15:34:31,264 - error - ERROR - User312472285 is already admin!
2022-08-16 15:34:31,373 - warning - WARNING - Осуществлен вход в админ-панель пользователем 312472285
2022-08-17 13:41:12,892 - error - ERROR - User312472285 is already admin!
2022-08-17 13:41:13,141 - warning - WARNING - Осуществлен вход в админ-панель пользователем 312472285
2022-08-17 13:41:52,796 - error - ERROR - User312472285 is already admin!
2022-08-17 13:41:52,877 - warning - WARNING - Осуществлен вход в админ-панель пользователем 312472285
2022-08-17 13:42:42,120 - error - ERROR - User312472285 is already admin!
2022-08-17 13:42:42,287 - warning - WARNING - Осуществлен вход в админ-панель пользователем 312472285
2022-08-17 16:51:35,460 - error - ERROR - User111 does not exists!
2022-08-17 16:51:35,530 - error - ERROR - User111 does not exists!
2022-08-17 16:51:35,543 - error - ERROR - User 123 does not exists!
2022-08-17 16:51:35,553 - warning - WARNING - User111 does not exists!
2022-08-17 16:51:35,564 - error - ERROR - User111 does not exists!
2022-08-17 16:51:35,569 - error - ERROR - User666 was not blocked!
2022-08-17 16:51:35,575 - warning - WARNING - User 111 does not exists!
2022-08-17 16:51:35,578 - error - ERROR - User111 does not exists!
2022-08-17 16:52:07,143 - error - ERROR - User111 does not exists!
2022-08-17 16:52:07,188 - error - ERROR - User111 does not exists!
2022-08-17 16:52:07,334 - error - ERROR - User666 is already admin!
2022-08-17 16:52:07,338 - error - ERROR - User555 was alresdy blocked!
2022-08-17 16:52:07,366 - error - ERROR - User666 is already admin!
2022-08-17 16:52:07,369 - error - ERROR - User555 was alresdy blocked!
2022-08-17 16:52:07,375 - error - ERROR - User 123 does not exists!
2022-08-17 16:52:07,387 - warning - WARNING - User111 does not exists!
2022-08-17 16:52:07,397 - error - ERROR - User111 does not exists!
2022-08-17 16:52:07,403 - error - ERROR - User666 was not blocked!
2022-08-17 16:52:07,407 - warning - WARNING - User 111 does not exists!
2022-08-17 16:52:07,410 - error - ERROR - User111 does not exists!
2022-08-17 17:54:17,445 - warning - WARNING - Пользователь 666 пытался пополнить баланс с неоплаченным счетом!
2022-08-17 18:09:32,905 - warning - WARNING - User888 does not exists!
2022-08-17 18:09:33,110 - error - ERROR - User888 does not exists!
